This is pdfTeX, Version 3.14159265-2.6-1.40.15 (TeX Live 2014/Arch Linux) (preloaded format=latex 2015.2.4)  14 MAR 2015 20:20
entering extended mode
 restricted \write18 enabled.
 %&-line parsing enabled.
**res9b.tex
(./res9b.tex
LaTeX2e <2014/05/01>
Babel <3.9k> and hyphenation patterns for 79 languages loaded.

! LaTeX Error: File `res.cls' not found.

Type X to quit or <RETURN> to proceed,
or enter new name. (Default extension: cls)

Enter file name: 
! Interruption.
<to be read again> 
                   }
l.5 ^^M
       
? 
(./res9b.aux
! Interruption.
l.4368860 
          
? 
! Interruption.
l.6271994 
          
? 
! Interruption.
l.7163033 
          
? 
! Interruption.
l.8547078 
          
? 
! Interruption.
l.21625204 
           
? x
 
Here is how much of TeX's memory you used:
 12 strings out of 493109
 191 string characters out of 6140752
 52954 words of memory out of 5000000
 3572 multiletter control sequences out of 15000+600000
 3640 words of font info for 14 fonts, out of 8000000 for 9000
 1141 hyphenation exceptions out of 8191
 10i,0n,7p,93b,24s stack positions out of 5000i,500n,10000p,200000b,80000s
No pages of output.
